<?xml version="1.0" encoding="UTF-8"?>
<testng-results ignored="0" total="1" passed="1" failed="0" skipped="0">
  <reporter-output>
  </reporter-output>
  <suite started-at="2021-12-02T15:43:15Z" name="com_test.comscope.TestPrintLink" finished-at="2021-12-02T15:43:22Z" duration-ms="7054">
    <groups>
    </groups>
    <test started-at="2021-12-02T15:43:15Z" name="Command line test" finished-at="2021-12-02T15:43:22Z" duration-ms="7054">
      <class name="com_test.comscope.TestPrintLink">
        <test-method signature="printLinks()[pri:0, instance:com_test.comscope.TestPrintLink@6895a785]" started-at="2021-12-02T15:43:15Z" name="printLinks" finished-at="2021-12-02T15:43:22Z" duration-ms="7048" status="PASS">
          <reporter-output>
          </reporter-output>
        </test-method> <!-- printLinks -->
      </class> <!-- com_test.comscope.TestPrintLink -->
    </test> <!-- Command line test -->
  </suite> <!-- com_test.comscope.TestPrintLink -->
</testng-results>
