<?xml version="1.0" encoding="UTF-8"?>
<testng-results ignored="0" total="1" passed="1" failed="0" skipped="0">
  <reporter-output>
  </reporter-output>
  <suite started-at="2021-12-02T09:25:57 CST" name="Default suite" finished-at="2021-12-02T09:26:16 CST" duration-ms="19601">
    <groups>
    </groups>
    <test started-at="2021-12-02T09:25:57 CST" name="Default test" finished-at="2021-12-02T09:26:16 CST" duration-ms="19601">
      <class name="com_test.comscope.TestPrintLink">
        <test-method signature="printLinks()[pri:0, instance:com_test.comscope.TestPrintLink@193f604a]" started-at="2021-12-02T09:25:57 CST" name="printLinks" finished-at="2021-12-02T09:26:16 CST" duration-ms="19563" status="PASS">
          <reporter-output>
          </reporter-output>
        </test-method> <!-- printLinks -->
      </class> <!-- com_test.comscope.TestPrintLink -->
    </test> <!-- Default test -->
  </suite> <!-- Default suite -->
</testng-results>
